9999VBO08112019-000001.xml
already checked
no new items found
9999VBO08112019-000002.xml
already checked
no new items found
9999VBO08112019-000003.xml
already checked
no new items found
9999VBO08112019-000004.xml
already checked
no new items found
9999VBO08112019-000005.xml
already checked
no new items found
9999VBO08112019-000006.xml
already checked
no new items found
9999VBO08112019-000007.xml
already checked
no new items found
9999VBO08112019-000008.xml
already checked
no new items found
9999VBO08112019-000009.xml
already checked
no new items found
9999VBO08112019-000010.xml
already checked
no new items found
9999VBO08112019-000011.xml
already checked
no new items found
9999VBO08112019-000012.xml
already checked
no new items found
9999VBO08112019-000013.xml
already checked
no new items found
9999VBO08112019-000014.xml
already checked
no new items found
9999VBO08112019-000015.xml
already checked
no new items found
9999VBO08112019-000016.xml
already checked
no new items found
9999VBO08112019-000017.xml
already checked
no new items found
9999VBO08112019-000018.xml
already checked
no new items found
9999VBO08112019-000019.xml
already checked
no new items found
9999VBO08112019-000020.xml
already checked
no new items found
9999VBO08112019-000021.xml
already checked
no new items found
9999VBO08112019-000022.xml
already checked
no new items found
9999VBO08112019-000023.xml
already checked
no new items found
9999VBO08112019-000024.xml
already checked
no new items found
9999VBO08112019-000025.xml
already checked
no new items found
9999VBO08112019-000026.xml
already checked
no new items found
9999VBO08112019-000027.xml
already checked
no new items found
9999VBO08112019-000028.xml
already checked
no new items found
9999VBO08112019-000029.xml
already checked
no new items found
9999VBO08112019-000030.xml
already checked
no new items found
9999VBO08112019-000031.xml
already checked
no new items found
9999VBO08112019-000032.xml
already checked
no new items found
9999VBO08112019-000033.xml
already checked
no new items found
9999VBO08112019-000034.xml
already checked
no new items found
9999VBO08112019-000035.xml
already checked
no new items found
9999VBO08112019-000036.xml
already checked
no new items found
9999VBO08112019-000037.xml
already checked
no new items found
9999VBO08112019-000038.xml
already checked
no new items found
9999VBO08112019-000039.xml
already checked
no new items found
9999VBO08112019-000040.xml
already checked
no new items found
9999VBO08112019-000041.xml
already checked
no new items found
9999VBO08112019-000042.xml
already checked
no new items found
9999VBO08112019-000043.xml
already checked
no new items found
9999VBO08112019-000044.xml
already checked
no new items found
9999VBO08112019-000045.xml
already checked
no new items found
9999VBO08112019-000046.xml
already checked
no new items found
9999VBO08112019-000047.xml
already checked
no new items found
9999VBO08112019-000048.xml
already checked
no new items found
9999VBO08112019-000049.xml
already checked
no new items found
9999VBO08112019-000050.xml
already checked
no new items found
9999VBO08112019-000051.xml
already checked
no new items found
9999VBO08112019-000052.xml
already checked
no new items found
9999VBO08112019-000053.xml
already checked
no new items found
9999VBO08112019-000054.xml
already checked
no new items found
9999VBO08112019-000055.xml
already checked
no new items found
9999VBO08112019-000056.xml
already checked
no new items found
9999VBO08112019-000057.xml
already checked
no new items found
9999VBO08112019-000058.xml
already checked
no new items found
9999VBO08112019-000059.xml
already checked
no new items found
9999VBO08112019-000060.xml
already checked
no new items found
9999VBO08112019-000061.xml
already checked
no new items found
9999VBO08112019-000062.xml
already checked
no new items found
9999VBO08112019-000063.xml
already checked
no new items found
9999VBO08112019-000064.xml
already checked
no new items found
9999VBO08112019-000065.xml
already checked
no new items found
9999VBO08112019-000066.xml
already checked
no new items found
9999VBO08112019-000067.xml
already checked
no new items found
9999VBO08112019-000068.xml
already checked
no new items found
9999VBO08112019-000069.xml
already checked
no new items found
9999VBO08112019-000070.xml
already checked
no new items found
9999VBO08112019-000071.xml
already checked
no new items found
9999VBO08112019-000072.xml
already checked
no new items found
9999VBO08112019-000073.xml
already checked
no new items found
9999VBO08112019-000074.xml
already checked
no new items found
9999VBO08112019-000075.xml
already checked
no new items found
9999VBO08112019-000076.xml
already checked
no new items found
9999VBO08112019-000077.xml
already checked
no new items found
9999VBO08112019-000078.xml
already checked
no new items found
9999VBO08112019-000079.xml
already checked
no new items found
9999VBO08112019-000080.xml
already checked
no new items found
9999VBO08112019-000081.xml
already checked
no new items found
9999VBO08112019-000082.xml
already checked
no new items found
9999VBO08112019-000083.xml
already checked
no new items found
9999VBO08112019-000084.xml
already checked
no new items found
9999VBO08112019-000085.xml
already checked
no new items found
9999VBO08112019-000086.xml
already checked
no new items found
9999VBO08112019-000087.xml
already checked
no new items found
9999VBO08112019-000088.xml
already checked
no new items found
9999VBO08112019-000089.xml
already checked
no new items found
9999VBO08112019-000090.xml
already checked
no new items found
9999VBO08112019-000091.xml
already checked
no new items found
9999VBO08112019-000092.xml
already checked
no new items found
9999VBO08112019-000093.xml
already checked
no new items found
9999VBO08112019-000094.xml
already checked
no new items found
9999VBO08112019-000095.xml
already checked
no new items found
9999VBO08112019-000096.xml
already checked
no new items found
9999VBO08112019-000097.xml
already checked
no new items found
9999VBO08112019-000098.xml
already checked
no new items found
9999VBO08112019-000099.xml
already checked
no new items found
9999VBO08112019-000100.xml
already checked
no new items found
9999VBO08112019-000101.xml
already checked
no new items found
9999VBO08112019-000102.xml
already checked
no new items found
9999VBO08112019-000103.xml
already checked
no new items found
9999VBO08112019-000104.xml
already checked
no new items found
9999VBO08112019-000105.xml
already checked
no new items found
9999VBO08112019-000106.xml
already checked
no new items found
9999VBO08112019-000107.xml
already checked
no new items found
9999VBO08112019-000108.xml
already checked
no new items found
9999VBO08112019-000109.xml
already checked
no new items found
9999VBO08112019-000110.xml
already checked
no new items found
9999VBO08112019-000111.xml
already checked
no new items found
9999VBO08112019-000112.xml
already checked
no new items found
9999VBO08112019-000113.xml
already checked
no new items found
9999VBO08112019-000114.xml
already checked
no new items found
9999VBO08112019-000115.xml
already checked
no new items found
9999VBO08112019-000116.xml
already checked
no new items found
9999VBO08112019-000117.xml
already checked
no new items found
9999VBO08112019-000118.xml
already checked
no new items found
9999VBO08112019-000119.xml
already checked
no new items found
9999VBO08112019-000120.xml
already checked
no new items found
9999VBO08112019-000121.xml
already checked
no new items found
9999VBO08112019-000122.xml
already checked
no new items found
9999VBO08112019-000123.xml
already checked
no new items found
9999VBO08112019-000124.xml
already checked
no new items found
9999VBO08112019-000125.xml
already checked
no new items found
9999VBO08112019-000126.xml
already checked
no new items found
9999VBO08112019-000127.xml
already checked
no new items found
9999VBO08112019-000128.xml
already checked
no new items found
9999VBO08112019-000129.xml
already checked
no new items found
9999VBO08112019-000130.xml
already checked
no new items found
9999VBO08112019-000131.xml
already checked
no new items found
9999VBO08112019-000132.xml
already checked
no new items found
9999VBO08112019-000133.xml
already checked
no new items found
9999VBO08112019-000134.xml
already checked
no new items found
9999VBO08112019-000135.xml
already checked
no new items found
9999VBO08112019-000136.xml
already checked
no new items found
9999VBO08112019-000137.xml
already checked
no new items found
9999VBO08112019-000138.xml
already checked
no new items found
9999VBO08112019-000139.xml
already checked
no new items found
9999VBO08112019-000140.xml
already checked
no new items found
9999VBO08112019-000141.xml
already checked
no new items found
9999VBO08112019-000142.xml
already checked
no new items found
9999VBO08112019-000143.xml
already checked
no new items found
9999VBO08112019-000144.xml
already checked
no new items found
9999VBO08112019-000145.xml
already checked
no new items found
9999VBO08112019-000146.xml
already checked
no new items found
9999VBO08112019-000147.xml
already checked
no new items found
9999VBO08112019-000148.xml
already checked
no new items found
9999VBO08112019-000149.xml
already checked
no new items found
9999VBO08112019-000150.xml
already checked
no new items found
9999VBO08112019-000151.xml
already checked
no new items found
9999VBO08112019-000152.xml
already checked
no new items found
9999VBO08112019-000153.xml
already checked
no new items found
9999VBO08112019-000154.xml
already checked
no new items found
9999VBO08112019-000155.xml
already checked
no new items found
9999VBO08112019-000156.xml
already checked
no new items found
9999VBO08112019-000157.xml
already checked
no new items found
9999VBO08112019-000158.xml
already checked
no new items found
9999VBO08112019-000159.xml
already checked
no new items found
9999VBO08112019-000160.xml
already checked
no new items found
9999VBO08112019-000161.xml
already checked
no new items found
9999VBO08112019-000162.xml
already checked
no new items found
9999VBO08112019-000163.xml
already checked
no new items found
9999VBO08112019-000164.xml
already checked
no new items found
9999VBO08112019-000165.xml
already checked
no new items found
9999VBO08112019-000166.xml
already checked
no new items found
9999VBO08112019-000167.xml
already checked
no new items found
9999VBO08112019-000168.xml
already checked
no new items found
9999VBO08112019-000169.xml
already checked
no new items found
9999VBO08112019-000170.xml
already checked
no new items found
9999VBO08112019-000171.xml
already checked
no new items found
9999VBO08112019-000172.xml
already checked
no new items found
9999VBO08112019-000173.xml
already checked
no new items found
9999VBO08112019-000174.xml
already checked
no new items found
9999VBO08112019-000175.xml
already checked
no new items found
9999VBO08112019-000176.xml
already checked
no new items found
9999VBO08112019-000177.xml
already checked
no new items found
9999VBO08112019-000178.xml
already checked
no new items found
9999VBO08112019-000179.xml
already checked
no new items found
9999VBO08112019-000180.xml
already checked
no new items found
9999VBO08112019-000181.xml
already checked
no new items found
9999VBO08112019-000182.xml
already checked
no new items found
9999VBO08112019-000183.xml
already checked
no new items found
9999VBO08112019-000184.xml
already checked
no new items found
9999VBO08112019-000185.xml
already checked
no new items found
9999VBO08112019-000186.xml
already checked
no new items found
9999VBO08112019-000187.xml
already checked
no new items found
9999VBO08112019-000188.xml
already checked
no new items found
9999VBO08112019-000189.xml
already checked
no new items found
9999VBO08112019-000190.xml
already checked
no new items found
9999VBO08112019-000191.xml
already checked
no new items found
9999VBO08112019-000192.xml
already checked
no new items found
9999VBO08112019-000193.xml
already checked
no new items found
9999VBO08112019-000194.xml
already checked
no new items found
9999VBO08112019-000195.xml
already checked
no new items found
9999VBO08112019-000196.xml
already checked
no new items found
9999VBO08112019-000197.xml
already checked
no new items found
9999VBO08112019-000198.xml
already checked
no new items found
9999VBO08112019-000199.xml
already checked
no new items found
9999VBO08112019-000200.xml
already checked
no new items found
9999VBO08112019-000201.xml
already checked
no new items found
9999VBO08112019-000202.xml
already checked
no new items found
9999VBO08112019-000203.xml
already checked
no new items found
9999VBO08112019-000204.xml
already checked
no new items found
9999VBO08112019-000205.xml
already checked
no new items found
9999VBO08112019-000206.xml
already checked
no new items found
9999VBO08112019-000207.xml
already checked
no new items found
9999VBO08112019-000208.xml
already checked
no new items found
9999VBO08112019-000209.xml
already checked
no new items found
9999VBO08112019-000210.xml
already checked
no new items found
9999VBO08112019-000211.xml
already checked
no new items found
9999VBO08112019-000212.xml
already checked
no new items found
9999VBO08112019-000213.xml
already checked
no new items found
9999VBO08112019-000214.xml
already checked
no new items found
9999VBO08112019-000215.xml
already checked
no new items found
9999VBO08112019-000216.xml
already checked
no new items found
9999VBO08112019-000217.xml
already checked
no new items found
9999VBO08112019-000218.xml
already checked
no new items found
9999VBO08112019-000219.xml
already checked
no new items found
9999VBO08112019-000220.xml
already checked
no new items found
9999VBO08112019-000221.xml
already checked
no new items found
9999VBO08112019-000222.xml
already checked
no new items found
9999VBO08112019-000223.xml
already checked
no new items found
9999VBO08112019-000224.xml
already checked
no new items found
9999VBO08112019-000225.xml
already checked
no new items found
9999VBO08112019-000226.xml
already checked
no new items found
9999VBO08112019-000227.xml
already checked
no new items found
9999VBO08112019-000228.xml
already checked
no new items found
9999VBO08112019-000229.xml
already checked
no new items found
9999VBO08112019-000230.xml
already checked
no new items found
9999VBO08112019-000231.xml
already checked
no new items found
9999VBO08112019-000232.xml
already checked
no new items found
9999VBO08112019-000233.xml
already checked
no new items found
9999VBO08112019-000234.xml
already checked
no new items found
9999VBO08112019-000235.xml
already checked
no new items found
9999VBO08112019-000236.xml
already checked
no new items found
9999VBO08112019-000237.xml
already checked
no new items found
9999VBO08112019-000238.xml
already checked
no new items found
9999VBO08112019-000239.xml
already checked
no new items found
9999VBO08112019-000240.xml
already checked
no new items found
9999VBO08112019-000241.xml
already checked
no new items found
9999VBO08112019-000242.xml
already checked
no new items found
9999VBO08112019-000243.xml
already checked
no new items found
9999VBO08112019-000244.xml
already checked
no new items found
9999VBO08112019-000245.xml
already checked
no new items found
9999VBO08112019-000246.xml
already checked
no new items found
9999VBO08112019-000247.xml
already checked
no new items found
9999VBO08112019-000248.xml
already checked
no new items found
9999VBO08112019-000249.xml
already checked
no new items found
9999VBO08112019-000250.xml
already checked
no new items found
9999VBO08112019-000251.xml
already checked
no new items found
9999VBO08112019-000252.xml
already checked
no new items found
9999VBO08112019-000253.xml
already checked
no new items found
9999VBO08112019-000254.xml
already checked
no new items found
9999VBO08112019-000255.xml
already checked
no new items found
9999VBO08112019-000256.xml
already checked
no new items found
9999VBO08112019-000257.xml
already checked
no new items found
9999VBO08112019-000258.xml
already checked
no new items found
9999VBO08112019-000259.xml
already checked
no new items found
9999VBO08112019-000260.xml
already checked
no new items found
9999VBO08112019-000261.xml
already checked
no new items found
9999VBO08112019-000262.xml
already checked
no new items found
9999VBO08112019-000263.xml
already checked
no new items found
9999VBO08112019-000264.xml
already checked
no new items found
9999VBO08112019-000265.xml
already checked
no new items found
9999VBO08112019-000266.xml
already checked
no new items found
9999VBO08112019-000267.xml
already checked
no new items found
9999VBO08112019-000268.xml
already checked
no new items found
9999VBO08112019-000269.xml
already checked
no new items found
9999VBO08112019-000270.xml
already checked
no new items found
9999VBO08112019-000271.xml
already checked
no new items found
9999VBO08112019-000272.xml
already checked
no new items found
9999VBO08112019-000273.xml
already checked
no new items found
9999VBO08112019-000274.xml
already checked
no new items found
9999VBO08112019-000275.xml
already checked
no new items found
9999VBO08112019-000276.xml
already checked
no new items found
9999VBO08112019-000277.xml
already checked
no new items found
9999VBO08112019-000278.xml
already checked
no new items found
9999VBO08112019-000279.xml
already checked
no new items found
9999VBO08112019-000280.xml
already checked
no new items found
9999VBO08112019-000281.xml
already checked
no new items found
9999VBO08112019-000282.xml
already checked
no new items found
9999VBO08112019-000283.xml
already checked
no new items found
9999VBO08112019-000284.xml
already checked
no new items found
9999VBO08112019-000285.xml
already checked
no new items found
9999VBO08112019-000286.xml
already checked
no new items found
9999VBO08112019-000287.xml
already checked
no new items found
9999VBO08112019-000288.xml
already checked
no new items found
9999VBO08112019-000289.xml
already checked
no new items found
9999VBO08112019-000290.xml
already checked
no new items found
9999VBO08112019-000291.xml
already checked
no new items found
9999VBO08112019-000292.xml
already checked
no new items found
9999VBO08112019-000293.xml
already checked
no new items found
9999VBO08112019-000294.xml
already checked
no new items found
9999VBO08112019-000295.xml
already checked
no new items found
9999VBO08112019-000296.xml
already checked
no new items found
9999VBO08112019-000297.xml
already checked
no new items found
9999VBO08112019-000298.xml
already checked
no new items found
9999VBO08112019-000299.xml
already checked
no new items found
9999VBO08112019-000300.xml
already checked
no new items found
9999VBO08112019-000301.xml
already checked
no new items found
9999VBO08112019-000302.xml
already checked
no new items found
9999VBO08112019-000303.xml
already checked
no new items found
9999VBO08112019-000304.xml
already checked
no new items found
9999VBO08112019-000305.xml
already checked
no new items found
9999VBO08112019-000306.xml
already checked
no new items found
9999VBO08112019-000307.xml
already checked
no new items found
9999VBO08112019-000308.xml
already checked
no new items found
9999VBO08112019-000309.xml
already checked
no new items found
9999VBO08112019-000310.xml
already checked
no new items found
9999VBO08112019-000311.xml
already checked
no new items found
9999VBO08112019-000312.xml
already checked
no new items found
9999VBO08112019-000313.xml
already checked
no new items found
9999VBO08112019-000314.xml
already checked
no new items found
9999VBO08112019-000315.xml
already checked
no new items found
9999VBO08112019-000316.xml
already checked
no new items found
9999VBO08112019-000317.xml
already checked
no new items found
9999VBO08112019-000318.xml
already checked
no new items found
9999VBO08112019-000319.xml
already checked
no new items found
9999VBO08112019-000320.xml
already checked
no new items found
9999VBO08112019-000321.xml
already checked
no new items found
9999VBO08112019-000322.xml
already checked
no new items found
9999VBO08112019-000323.xml
already checked
no new items found
9999VBO08112019-000324.xml
already checked
no new items found
9999VBO08112019-000325.xml
already checked
no new items found
9999VBO08112019-000326.xml
already checked
no new items found
9999VBO08112019-000327.xml
already checked
no new items found
9999VBO08112019-000328.xml
already checked
no new items found
9999VBO08112019-000329.xml
already checked
no new items found
9999VBO08112019-000330.xml
already checked
no new items found
9999VBO08112019-000331.xml
already checked
no new items found
9999VBO08112019-000332.xml
already checked
no new items found
9999VBO08112019-000333.xml
already checked
no new items found
9999VBO08112019-000334.xml
already checked
no new items found
9999VBO08112019-000335.xml
already checked
no new items found
9999VBO08112019-000336.xml
already checked
no new items found
9999VBO08112019-000337.xml
already checked
no new items found
9999VBO08112019-000338.xml
already checked
no new items found
9999VBO08112019-000339.xml
already checked
no new items found
9999VBO08112019-000340.xml
already checked
no new items found
9999VBO08112019-000341.xml
already checked
no new items found
9999VBO08112019-000342.xml
already checked
no new items found
9999VBO08112019-000343.xml
already checked
no new items found
9999VBO08112019-000344.xml
already checked
no new items found
9999VBO08112019-000345.xml
already checked
no new items found
9999VBO08112019-000346.xml
already checked
no new items found
9999VBO08112019-000347.xml
already checked
no new items found
9999VBO08112019-000348.xml
already checked
no new items found
9999VBO08112019-000349.xml
already checked
no new items found
9999VBO08112019-000350.xml
already checked
no new items found
9999VBO08112019-000351.xml
already checked
no new items found
9999VBO08112019-000352.xml
already checked
no new items found
9999VBO08112019-000353.xml
already checked
no new items found
9999VBO08112019-000354.xml
already checked
no new items found
9999VBO08112019-000355.xml
already checked
no new items found
9999VBO08112019-000356.xml
already checked
no new items found
9999VBO08112019-000357.xml
already checked
no new items found
9999VBO08112019-000358.xml
already checked
no new items found
9999VBO08112019-000359.xml
already checked
no new items found
9999VBO08112019-000360.xml
already checked
no new items found
9999VBO08112019-000361.xml
already checked
no new items found
9999VBO08112019-000362.xml
already checked
no new items found
9999VBO08112019-000363.xml
already checked
no new items found
9999VBO08112019-000364.xml
already checked
no new items found
9999VBO08112019-000365.xml
already checked
no new items found
9999VBO08112019-000366.xml
already checked
no new items found
9999VBO08112019-000367.xml
already checked
no new items found
9999VBO08112019-000368.xml
already checked
no new items found
9999VBO08112019-000369.xml
already checked
no new items found
9999VBO08112019-000370.xml
already checked
no new items found
9999VBO08112019-000371.xml
already checked
no new items found
9999VBO08112019-000372.xml
already checked
no new items found
9999VBO08112019-000373.xml
already checked
no new items found
9999VBO08112019-000374.xml
already checked
no new items found
9999VBO08112019-000375.xml
already checked
no new items found
9999VBO08112019-000376.xml
already checked
no new items found
9999VBO08112019-000377.xml
already checked
no new items found
9999VBO08112019-000378.xml
already checked
no new items found
9999VBO08112019-000379.xml
already checked
no new items found
9999VBO08112019-000380.xml
already checked
no new items found
9999VBO08112019-000381.xml
already checked
no new items found
9999VBO08112019-000382.xml
already checked
no new items found
9999VBO08112019-000383.xml
already checked
no new items found
9999VBO08112019-000384.xml
already checked
no new items found
9999VBO08112019-000385.xml
already checked
no new items found
9999VBO08112019-000386.xml
already checked
no new items found
9999VBO08112019-000387.xml
already checked
no new items found
9999VBO08112019-000388.xml
already checked
no new items found
9999VBO08112019-000389.xml
already checked
no new items found
9999VBO08112019-000390.xml
already checked
no new items found
9999VBO08112019-000391.xml
already checked
no new items found
9999VBO08112019-000392.xml
already checked
no new items found
9999VBO08112019-000393.xml
already checked
no new items found
9999VBO08112019-000394.xml
already checked
no new items found
9999VBO08112019-000395.xml
already checked
no new items found
9999VBO08112019-000396.xml
already checked
no new items found
9999VBO08112019-000397.xml
already checked
no new items found
9999VBO08112019-000398.xml
already checked
no new items found
9999VBO08112019-000399.xml
already checked
no new items found
9999VBO08112019-000400.xml
already checked
no new items found
9999VBO08112019-000401.xml
already checked
no new items found
9999VBO08112019-000402.xml
already checked
no new items found
9999VBO08112019-000403.xml
already checked
no new items found
9999VBO08112019-000404.xml
already checked
no new items found
9999VBO08112019-000405.xml
already checked
no new items found
9999VBO08112019-000406.xml
already checked
no new items found
9999VBO08112019-000407.xml
already checked
no new items found
9999VBO08112019-000408.xml
already checked
no new items found
9999VBO08112019-000409.xml
already checked
no new items found
9999VBO08112019-000410.xml
already checked
no new items found
9999VBO08112019-000411.xml
already checked
no new items found
9999VBO08112019-000412.xml
already checked
no new items found
9999VBO08112019-000413.xml
already checked
no new items found
9999VBO08112019-000414.xml
already checked
no new items found
9999VBO08112019-000415.xml
already checked
no new items found
9999VBO08112019-000416.xml
already checked
no new items found
9999VBO08112019-000417.xml
already checked
no new items found
9999VBO08112019-000418.xml
already checked
no new items found
9999VBO08112019-000419.xml
already checked
no new items found
9999VBO08112019-000420.xml
already checked
no new items found
9999VBO08112019-000421.xml
already checked
no new items found
9999VBO08112019-000422.xml
already checked
no new items found
9999VBO08112019-000423.xml
already checked
no new items found
9999VBO08112019-000424.xml
already checked
no new items found
9999VBO08112019-000425.xml
already checked
no new items found
9999VBO08112019-000426.xml
already checked
no new items found
9999VBO08112019-000427.xml
already checked
no new items found
9999VBO08112019-000428.xml
already checked
no new items found
9999VBO08112019-000429.xml
already checked
no new items found
9999VBO08112019-000430.xml
already checked
no new items found
9999VBO08112019-000431.xml
already checked
no new items found
9999VBO08112019-000432.xml
already checked
no new items found
9999VBO08112019-000433.xml
already checked
no new items found
9999VBO08112019-000434.xml
already checked
no new items found
9999VBO08112019-000435.xml
already checked
no new items found
9999VBO08112019-000436.xml
already checked
no new items found
9999VBO08112019-000437.xml
already checked
no new items found
9999VBO08112019-000438.xml
already checked
no new items found
9999VBO08112019-000439.xml
already checked
no new items found
9999VBO08112019-000440.xml
already checked
no new items found
9999VBO08112019-000441.xml
already checked
no new items found
9999VBO08112019-000442.xml
already checked
no new items found
9999VBO08112019-000443.xml
already checked
no new items found
9999VBO08112019-000444.xml
already checked
no new items found
9999VBO08112019-000445.xml
already checked
no new items found
9999VBO08112019-000446.xml
already checked
no new items found
9999VBO08112019-000447.xml
already checked
no new items found
9999VBO08112019-000448.xml
already checked
no new items found
9999VBO08112019-000449.xml
already checked
no new items found
9999VBO08112019-000450.xml
already checked
no new items found
9999VBO08112019-000451.xml
already checked
no new items found
9999VBO08112019-000452.xml
already checked
no new items found
9999VBO08112019-000453.xml
already checked
no new items found
9999VBO08112019-000454.xml
already checked
no new items found
9999VBO08112019-000455.xml
already checked
no new items found
9999VBO08112019-000456.xml
already checked
no new items found
9999VBO08112019-000457.xml
already checked
no new items found
9999VBO08112019-000458.xml
already checked
no new items found
9999VBO08112019-000459.xml
already checked
no new items found
9999VBO08112019-000460.xml
already checked
no new items found
9999VBO08112019-000461.xml
already checked
no new items found
9999VBO08112019-000462.xml
already checked
no new items found
9999VBO08112019-000463.xml
already checked
no new items found
9999VBO08112019-000464.xml
already checked
no new items found
9999VBO08112019-000465.xml
already checked
no new items found
9999VBO08112019-000466.xml
already checked
no new items found
9999VBO08112019-000467.xml
already checked
no new items found
9999VBO08112019-000468.xml
already checked
no new items found
9999VBO08112019-000469.xml
already checked
no new items found
9999VBO08112019-000470.xml
already checked
no new items found
9999VBO08112019-000471.xml
already checked
no new items found
9999VBO08112019-000472.xml
already checked
no new items found
9999VBO08112019-000473.xml
already checked
no new items found
9999VBO08112019-000474.xml
already checked
no new items found
9999VBO08112019-000475.xml
already checked
no new items found
9999VBO08112019-000476.xml
already checked
no new items found
9999VBO08112019-000477.xml
already checked
no new items found
9999VBO08112019-000478.xml
already checked
no new items found
9999VBO08112019-000479.xml
already checked
no new items found
9999VBO08112019-000480.xml
already checked
no new items found
9999VBO08112019-000481.xml
already checked
no new items found
9999VBO08112019-000482.xml
already checked
no new items found
9999VBO08112019-000483.xml
already checked
no new items found
9999VBO08112019-000484.xml
already checked
no new items found
9999VBO08112019-000485.xml
already checked
no new items found
9999VBO08112019-000486.xml
already checked
no new items found
9999VBO08112019-000487.xml
already checked
no new items found
9999VBO08112019-000488.xml
already checked
no new items found
9999VBO08112019-000489.xml
already checked
no new items found
9999VBO08112019-000490.xml
already checked
no new items found
9999VBO08112019-000491.xml
already checked
no new items found
9999VBO08112019-000492.xml
already checked
no new items found
9999VBO08112019-000493.xml
already checked
no new items found
9999VBO08112019-000494.xml
already checked
no new items found
9999VBO08112019-000495.xml
already checked
no new items found
9999VBO08112019-000496.xml
already checked
no new items found
9999VBO08112019-000497.xml
already checked
no new items found
9999VBO08112019-000498.xml
already checked
no new items found
9999VBO08112019-000499.xml
already checked
no new items found
9999VBO08112019-000500.xml
already checked
no new items found
9999VBO08112019-000501.xml
already checked
no new items found
9999VBO08112019-000502.xml
already checked
no new items found
9999VBO08112019-000503.xml
already checked
no new items found
9999VBO08112019-000504.xml
already checked
no new items found
9999VBO08112019-000505.xml
already checked
no new items found
9999VBO08112019-000506.xml
already checked
no new items found
9999VBO08112019-000507.xml
already checked
no new items found
9999VBO08112019-000508.xml
already checked
no new items found
9999VBO08112019-000509.xml
already checked
no new items found
9999VBO08112019-000510.xml
already checked
no new items found
9999VBO08112019-000511.xml
already checked
no new items found
9999VBO08112019-000512.xml
already checked
no new items found
9999VBO08112019-000513.xml
already checked
no new items found
9999VBO08112019-000514.xml
already checked
no new items found
9999VBO08112019-000515.xml
already checked
no new items found
9999VBO08112019-000516.xml
already checked
no new items found
9999VBO08112019-000517.xml
already checked
no new items found
9999VBO08112019-000518.xml
already checked
no new items found
9999VBO08112019-000519.xml
already checked
no new items found
9999VBO08112019-000520.xml
already checked
no new items found
9999VBO08112019-000521.xml
already checked
no new items found
9999VBO08112019-000522.xml
already checked
no new items found
9999VBO08112019-000523.xml
already checked
no new items found
9999VBO08112019-000524.xml
already checked
no new items found
9999VBO08112019-000525.xml
already checked
no new items found
9999VBO08112019-000526.xml
already checked
no new items found
9999VBO08112019-000527.xml
already checked
no new items found
9999VBO08112019-000528.xml
already checked
no new items found
9999VBO08112019-000529.xml
already checked
no new items found
9999VBO08112019-000530.xml
already checked
no new items found
9999VBO08112019-000531.xml
already checked
no new items found
9999VBO08112019-000532.xml
already checked
no new items found
9999VBO08112019-000533.xml
already checked
no new items found
9999VBO08112019-000534.xml
already checked
no new items found
9999VBO08112019-000535.xml
already checked
no new items found
9999VBO08112019-000536.xml
already checked
no new items found
9999VBO08112019-000537.xml
already checked
no new items found
9999VBO08112019-000538.xml
already checked
no new items found
9999VBO08112019-000539.xml
already checked
no new items found
9999VBO08112019-000540.xml
already checked
no new items found
9999VBO08112019-000541.xml
already checked
no new items found
9999VBO08112019-000542.xml
already checked
no new items found
9999VBO08112019-000543.xml
already checked
no new items found
9999VBO08112019-000544.xml
already checked
no new items found
9999VBO08112019-000545.xml
already checked
no new items found
9999VBO08112019-000546.xml
already checked
no new items found
9999VBO08112019-000547.xml
already checked
no new items found
9999VBO08112019-000548.xml
already checked
no new items found
9999VBO08112019-000549.xml
already checked
no new items found
9999VBO08112019-000550.xml
already checked
no new items found
9999VBO08112019-000551.xml
already checked
no new items found
9999VBO08112019-000552.xml
already checked
no new items found
9999VBO08112019-000553.xml
already checked
no new items found
9999VBO08112019-000554.xml
already checked
no new items found
9999VBO08112019-000555.xml
already checked
no new items found
9999VBO08112019-000556.xml
already checked
no new items found
9999VBO08112019-000557.xml
already checked
no new items found
9999VBO08112019-000558.xml
already checked
no new items found
9999VBO08112019-000559.xml
already checked
no new items found
9999VBO08112019-000560.xml
already checked
no new items found
9999VBO08112019-000561.xml
already checked
no new items found
9999VBO08112019-000562.xml
already checked
no new items found
9999VBO08112019-000563.xml
already checked
no new items found
9999VBO08112019-000564.xml
already checked
no new items found
9999VBO08112019-000565.xml
already checked
no new items found
9999VBO08112019-000566.xml
already checked
no new items found
9999VBO08112019-000567.xml
already checked
no new items found
9999VBO08112019-000568.xml
already checked
no new items found
9999VBO08112019-000569.xml
already checked
no new items found
9999VBO08112019-000570.xml
already checked
no new items found
9999VBO08112019-000571.xml
already checked
no new items found
9999VBO08112019-000572.xml
already checked
no new items found
9999VBO08112019-000573.xml
already checked
no new items found
9999VBO08112019-000574.xml
already checked
no new items found
9999VBO08112019-000575.xml
already checked
no new items found
9999VBO08112019-000576.xml
already checked
no new items found
9999VBO08112019-000577.xml
already checked
no new items found
9999VBO08112019-000578.xml
already checked
no new items found
9999VBO08112019-000579.xml
already checked
no new items found
9999VBO08112019-000580.xml
already checked
no new items found
9999VBO08112019-000581.xml
already checked
no new items found
9999VBO08112019-000582.xml
already checked
no new items found
9999VBO08112019-000583.xml
already checked
no new items found
9999VBO08112019-000584.xml
already checked
no new items found
9999VBO08112019-000585.xml
already checked
no new items found
9999VBO08112019-000586.xml
already checked
no new items found
9999VBO08112019-000587.xml
already checked
no new items found
9999VBO08112019-000588.xml
already checked
no new items found
9999VBO08112019-000589.xml
already checked
no new items found
9999VBO08112019-000590.xml
already checked
no new items found
9999VBO08112019-000591.xml
already checked
no new items found
9999VBO08112019-000592.xml
already checked
no new items found
9999VBO08112019-000593.xml
already checked
no new items found
9999VBO08112019-000594.xml
already checked
no new items found
9999VBO08112019-000595.xml
already checked
no new items found
9999VBO08112019-000596.xml
already checked
no new items found
9999VBO08112019-000597.xml
already checked
no new items found
9999VBO08112019-000598.xml
already checked
no new items found
9999VBO08112019-000599.xml
already checked
no new items found
9999VBO08112019-000600.xml
already checked
no new items found
9999VBO08112019-000601.xml
already checked
no new items found
9999VBO08112019-000602.xml
already checked
no new items found
9999VBO08112019-000603.xml
already checked
no new items found
9999VBO08112019-000604.xml
already checked
no new items found
9999VBO08112019-000605.xml
already checked
no new items found
9999VBO08112019-000606.xml
already checked
no new items found
9999VBO08112019-000607.xml
already checked
no new items found
9999VBO08112019-000608.xml
already checked
no new items found
9999VBO08112019-000609.xml
already checked
no new items found
9999VBO08112019-000610.xml
already checked
no new items found
9999VBO08112019-000611.xml
already checked
no new items found
9999VBO08112019-000612.xml
already checked
no new items found
9999VBO08112019-000613.xml
already checked
no new items found
9999VBO08112019-000614.xml
no new items found
9999VBO08112019-000615.xml
found 1 new ids - 2503 of 6361 found
9999VBO08112019-000616.xml
found 19 new ids - 2522 of 6361 found
9999VBO08112019-000617.xml
found 5 new ids - 2527 of 6361 found
9999VBO08112019-000618.xml
found 1 new ids - 2528 of 6361 found
9999VBO08112019-000619.xml
found 1 new ids - 2529 of 6361 found
9999VBO08112019-000620.xml
no new items found
9999VBO08112019-000621.xml
found 1 new ids - 2530 of 6361 found
9999VBO08112019-000622.xml
found 9 new ids - 2539 of 6361 found
9999VBO08112019-000623.xml
found 11 new ids - 2550 of 6361 found
9999VBO08112019-000624.xml
found 9 new ids - 2559 of 6361 found
9999VBO08112019-000625.xml
no new items found
9999VBO08112019-000626.xml
found 8 new ids - 2567 of 6361 found
9999VBO08112019-000627.xml
no new items found
9999VBO08112019-000628.xml
found 6 new ids - 2573 of 6361 found
9999VBO08112019-000629.xml
found 2 new ids - 2575 of 6361 found
9999VBO08112019-000630.xml
found 8 new ids - 2583 of 6361 found
9999VBO08112019-000631.xml
found 3 new ids - 2586 of 6361 found
9999VBO08112019-000632.xml
found 1 new ids - 2587 of 6361 found
9999VBO08112019-000633.xml
found 2 new ids - 2589 of 6361 found
9999VBO08112019-000634.xml
found 8 new ids - 2597 of 6361 found
9999VBO08112019-000635.xml
found 1 new ids - 2598 of 6361 found
9999VBO08112019-000636.xml
found 4 new ids - 2602 of 6361 found
9999VBO08112019-000637.xml
found 9 new ids - 2611 of 6361 found
9999VBO08112019-000638.xml
found 2 new ids - 2613 of 6361 found
9999VBO08112019-000639.xml
no new items found
9999VBO08112019-000640.xml
found 4 new ids - 2617 of 6361 found
9999VBO08112019-000641.xml
found 2 new ids - 2619 of 6361 found
9999VBO08112019-000642.xml
found 1 new ids - 2620 of 6361 found
9999VBO08112019-000643.xml
no new items found
9999VBO08112019-000644.xml
found 1 new ids - 2621 of 6361 found
9999VBO08112019-000645.xml
found 3 new ids - 2624 of 6361 found
9999VBO08112019-000646.xml
no new items found
9999VBO08112019-000647.xml
no new items found
9999VBO08112019-000648.xml
found 3 new ids - 2627 of 6361 found
9999VBO08112019-000649.xml
no new items found
9999VBO08112019-000650.xml
no new items found
9999VBO08112019-000651.xml
found 8 new ids - 2635 of 6361 found
9999VBO08112019-000652.xml
found 12 new ids - 2647 of 6361 found
9999VBO08112019-000653.xml
found 3 new ids - 2650 of 6361 found
9999VBO08112019-000654.xml
found 2 new ids - 2652 of 6361 found
9999VBO08112019-000655.xml
found 16 new ids - 2668 of 6361 found
9999VBO08112019-000656.xml
found 18 new ids - 2686 of 6361 found
9999VBO08112019-000657.xml
found 22 new ids - 2708 of 6361 found
9999VBO08112019-000658.xml
found 18 new ids - 2726 of 6361 found
9999VBO08112019-000659.xml
found 16 new ids - 2742 of 6361 found
9999VBO08112019-000660.xml
found 27 new ids - 2769 of 6361 found
9999VBO08112019-000661.xml
found 19 new ids - 2788 of 6361 found
9999VBO08112019-000662.xml
found 54 new ids - 2842 of 6361 found
9999VBO08112019-000663.xml
found 49 new ids - 2891 of 6361 found
9999VBO08112019-000664.xml
found 162 new ids - 3053 of 6361 found
9999VBO08112019-000665.xml
found 93 new ids - 3146 of 6361 found
9999VBO08112019-000666.xml
found 8 new ids - 3154 of 6361 found
9999VBO08112019-000667.xml
found 3 new ids - 3157 of 6361 found
9999VBO08112019-000668.xml
found 2 new ids - 3159 of 6361 found
9999VBO08112019-000669.xml
found 2 new ids - 3161 of 6361 found
9999VBO08112019-000670.xml
found 2 new ids - 3163 of 6361 found
9999VBO08112019-000671.xml
found 6 new ids - 3169 of 6361 found
9999VBO08112019-000672.xml
found 3 new ids - 3172 of 6361 found
9999VBO08112019-000673.xml
found 4 new ids - 3176 of 6361 found
9999VBO08112019-000674.xml
found 1 new ids - 3177 of 6361 found
9999VBO08112019-000675.xml
found 6 new ids - 3183 of 6361 found
9999VBO08112019-000676.xml
found 4 new ids - 3187 of 6361 found
9999VBO08112019-000677.xml
no new items found
9999VBO08112019-000678.xml
found 5 new ids - 3192 of 6361 found
9999VBO08112019-000679.xml
found 4 new ids - 3196 of 6361 found
9999VBO08112019-000680.xml
found 1 new ids - 3197 of 6361 found
9999VBO08112019-000681.xml
found 1 new ids - 3198 of 6361 found
9999VBO08112019-000682.xml
found 2 new ids - 3200 of 6361 found
9999VBO08112019-000683.xml
found 5 new ids - 3205 of 6361 found
9999VBO08112019-000684.xml
found 6 new ids - 3211 of 6361 found
9999VBO08112019-000685.xml
found 1 new ids - 3212 of 6361 found
9999VBO08112019-000686.xml
found 6 new ids - 3218 of 6361 found
9999VBO08112019-000687.xml
found 3 new ids - 3221 of 6361 found
9999VBO08112019-000688.xml
found 2 new ids - 3223 of 6361 found
9999VBO08112019-000689.xml
found 4 new ids - 3227 of 6361 found
9999VBO08112019-000690.xml
no new items found
9999VBO08112019-000691.xml
found 4 new ids - 3231 of 6361 found
9999VBO08112019-000692.xml
found 4 new ids - 3235 of 6361 found
9999VBO08112019-000693.xml
found 2 new ids - 3237 of 6361 found
9999VBO08112019-000694.xml
found 6 new ids - 3243 of 6361 found
9999VBO08112019-000695.xml
no new items found
9999VBO08112019-000696.xml
found 2 new ids - 3245 of 6361 found
9999VBO08112019-000697.xml
found 2 new ids - 3247 of 6361 found
9999VBO08112019-000698.xml
no new items found
9999VBO08112019-000699.xml
found 5 new ids - 3252 of 6361 found
9999VBO08112019-000700.xml
found 2 new ids - 3254 of 6361 found
9999VBO08112019-000701.xml
found 6 new ids - 3260 of 6361 found
9999VBO08112019-000702.xml
found 8 new ids - 3268 of 6361 found
9999VBO08112019-000703.xml
found 12 new ids - 3280 of 6361 found
9999VBO08112019-000704.xml
found 5 new ids - 3285 of 6361 found
9999VBO08112019-000705.xml
no new items found
9999VBO08112019-000706.xml
found 9 new ids - 3294 of 6361 found
9999VBO08112019-000707.xml
found 1 new ids - 3295 of 6361 found
9999VBO08112019-000708.xml
found 8 new ids - 3303 of 6361 found
9999VBO08112019-000709.xml
no new items found
9999VBO08112019-000710.xml
found 3 new ids - 3306 of 6361 found
9999VBO08112019-000711.xml
found 3 new ids - 3309 of 6361 found
9999VBO08112019-000712.xml
found 3 new ids - 3312 of 6361 found
9999VBO08112019-000713.xml
found 9 new ids - 3321 of 6361 found
9999VBO08112019-000714.xml
found 5 new ids - 3326 of 6361 found
9999VBO08112019-000715.xml
no new items found
9999VBO08112019-000716.xml
found 5 new ids - 3331 of 6361 found
9999VBO08112019-000717.xml
found 3 new ids - 3334 of 6361 found
9999VBO08112019-000718.xml
no new items found
9999VBO08112019-000719.xml
no new items found
9999VBO08112019-000720.xml
found 6 new ids - 3340 of 6361 found
9999VBO08112019-000721.xml
no new items found
9999VBO08112019-000722.xml
found 4 new ids - 3344 of 6361 found
9999VBO08112019-000723.xml
found 1 new ids - 3345 of 6361 found
9999VBO08112019-000724.xml
no new items found
9999VBO08112019-000725.xml
no new items found
9999VBO08112019-000726.xml
no new items found
9999VBO08112019-000727.xml
